execve("./hello", ["./hello"], 0x7ffe0fc7cd58 /* 25 vars */) = 0 <0.000222>
arch_prctl(ARCH_SET_FS, 0x552970)       = 0 <0.000049>
sched_getaffinity(0, 8192, [0, 1, 2, 3, 4, 5, 6, 7, 8, 9, 10, 11, 12, 13, 14, 15]) = 32 <0.000047>
openat(AT_FDCWD, "/sys/kernel/mm/transparent_hugepage/hpage_pmd_size", O_RDONLY) = 3 <0.000061>
read(3, "2097152\n", 20)                = 8 <0.000052>
close(3)                                = 0 <0.000051>
mmap(NULL, 262144, PROT_READ|PROT_WRITE, MAP_PRIVATE|MAP_ANONYMOUS, -1, 0) = 0x7fba12522000 <0.000056>
mmap(NULL, 131072, PROT_NONE, MAP_PRIVATE|MAP_ANONYMOUS, -1, 0) = 0x7fba12502000 <0.000050>
mmap(NULL, 1048576, PROT_NONE, MAP_PRIVATE|MAP_ANONYMOUS, -1, 0) = 0x7fba12402000 <0.000050>
mmap(NULL, 8388608, PROT_NONE, MAP_PRIVATE|MAP_ANONYMOUS, -1, 0) = 0x7fba11c02000 <0.000047>
mmap(NULL, 67108864, PROT_NONE, MAP_PRIVATE|MAP_ANONYMOUS, -1, 0) = 0x7fba0dc02000 <0.000047>
mmap(NULL, 536870912, PROT_NONE, MAP_PRIVATE|MAP_ANONYMOUS, -1, 0) = 0x7fb9edc02000 <0.000047>
mmap(NULL, 536870912, PROT_NONE, MAP_PRIVATE|MAP_ANONYMOUS, -1, 0) = 0x7fb9cdc02000 <0.000047>
mmap(0xc000000000, 67108864, PROT_NONE, MAP_PRIVATE|MAP_ANONYMOUS, -1, 0) = 0xc000000000 <0.000048>
mmap(NULL, 33554432, PROT_READ|PROT_WRITE, MAP_PRIVATE|MAP_ANONYMOUS, -1, 0) = 0x7fb9cbc02000 <0.000048>
madvise(0x7fb9cbc02000, 33554432, MADV_NOHUGEPAGE) = 0 <0.000048>
mmap(NULL, 68624, PROT_READ|PROT_WRITE, MAP_PRIVATE|MAP_ANONYMOUS, -1, 0) = 0x7fb9cbbf1000 <0.000048>
mmap(0xc000000000, 4194304, PROT_READ|PROT_WRITE, MAP_PRIVATE|MAP_FIXED|MAP_ANONYMOUS, -1, 0) = 0xc000000000 <0.000051>
mmap(0x7fba12502000, 131072, PROT_READ|PROT_WRITE, MAP_PRIVATE|MAP_FIXED|MAP_ANONYMOUS, -1, 0) = 0x7fba12502000 <0.000049>
mmap(0x7fba12482000, 4096, PROT_READ|PROT_WRITE, MAP_PRIVATE|MAP_FIXED|MAP_ANONYMOUS, -1, 0) = 0x7fba12482000 <0.000048>
mmap(0x7fba12008000, 4096, PROT_READ|PROT_WRITE, MAP_PRIVATE|MAP_FIXED|MAP_ANONYMOUS, -1, 0) = 0x7fba12008000 <0.000048>
mmap(0x7fba0fc32000, 4096, PROT_READ|PROT_WRITE, MAP_PRIVATE|MAP_FIXED|MAP_ANONYMOUS, -1, 0) = 0x7fba0fc32000 <0.000048>
mmap(0x7fb9fdd82000, 4096, PROT_READ|PROT_WRITE, MAP_PRIVATE|MAP_FIXED|MAP_ANONYMOUS, -1, 0) = 0x7fb9fdd82000 <0.000057>
mmap(0x7fb9ddd82000, 4096, PROT_READ|PROT_WRITE, MAP_PRIVATE|MAP_FIXED|MAP_ANONYMOUS, -1, 0) = 0x7fb9ddd82000 <0.000063>
mmap(NULL, 1048576, PROT_READ|PROT_WRITE, MAP_PRIVATE|MAP_ANONYMOUS, -1, 0) = 0x7fb9cbaf1000 <0.000052>
madvise(0x7fb9cbaf1000, 1048576, MADV_NOHUGEPAGE) = 0 <0.000048>
mmap(NULL, 65536, PROT_READ|PROT_WRITE, MAP_PRIVATE|MAP_ANONYMOUS, -1, 0) = 0x7fb9cbae1000 <0.000247>
mmap(NULL, 65536, PROT_READ|PROT_WRITE, MAP_PRIVATE|MAP_ANONYMOUS, -1, 0) = 0x7fb9cbad1000 <0.000047>
rt_sigprocmask(SIG_SETMASK, NULL, [], 8) = 0 <0.000226>
fcntl(0, F_GETFD)                       = 0 <0.000042>
fcntl(1, F_GETFD)                       = 0 <0.000046>
fcntl(2, F_GETFD)                       = 0 <0.000055>
sigaltstack(NULL, {ss_sp=NULL, ss_flags=SS_DISABLE, ss_size=0}) = 0 <0.000075>
sigaltstack({ss_sp=0xc000008000, ss_flags=0, ss_size=32768}, NULL) = 0 <0.000043>
rt_sigprocmask(SIG_SETMASK, [], NULL, 8) = 0 <0.000039>
gettid()                                = 21944 <0.000124>
rt_sigaction(SIGHUP, NULL, {sa_handler=SIG_DFL, sa_mask=[], sa_flags=0}, 8) = 0 <0.000098>
rt_sigaction(SIGHUP, {sa_handler=0x46d060, sa_mask=~[], sa_flags=SA_RESTORER|SA_ONSTACK|SA_RESTART|SA_SIGINFO, sa_restorer=0x46d1a0}, NULL, 8) = 0 <0.000034>
rt_sigaction(SIGINT, NULL, {sa_handler=SIG_DFL, sa_mask=[], sa_flags=0}, 8) = 0 <0.000036>
rt_sigaction(SIGINT, {sa_handler=0x46d060, sa_mask=~[], sa_flags=SA_RESTORER|SA_ONSTACK|SA_RESTART|SA_SIGINFO, sa_restorer=0x46d1a0}, NULL, 8) = 0 <0.000038>
rt_sigaction(SIGQUIT, NULL, {sa_handler=SIG_DFL, sa_mask=[], sa_flags=0}, 8) = 0 <0.000104>
rt_sigaction(SIGQUIT, {sa_handler=0x46d060, sa_mask=~[], sa_flags=SA_RESTORER|SA_ONSTACK|SA_RESTART|SA_SIGINFO, sa_restorer=0x46d1a0}, NULL, 8) = 0 <0.000101>
rt_sigaction(SIGILL, NULL, {sa_handler=SIG_DFL, sa_mask=[], sa_flags=0}, 8) = 0 <0.000032>
rt_sigaction(SIGILL, {sa_handler=0x46d060, sa_mask=~[], sa_flags=SA_RESTORER|SA_ONSTACK|SA_RESTART|SA_SIGINFO, sa_restorer=0x46d1a0}, NULL, 8) = 0 <0.000123>
rt_sigaction(SIGTRAP, NULL, {sa_handler=SIG_DFL, sa_mask=[], sa_flags=0}, 8) = 0 <0.000063>
rt_sigaction(SIGTRAP, {sa_handler=0x46d060, sa_mask=~[], sa_flags=SA_RESTORER|SA_ONSTACK|SA_RESTART|SA_SIGINFO, sa_restorer=0x46d1a0}, NULL, 8) = 0 <0.000036>
rt_sigaction(SIGABRT, NULL, {sa_handler=SIG_DFL, sa_mask=[], sa_flags=0}, 8) = 0 <0.000064>
rt_sigaction(SIGABRT, {sa_handler=0x46d060, sa_mask=~[], sa_flags=SA_RESTORER|SA_ONSTACK|SA_RESTART|SA_SIGINFO, sa_restorer=0x46d1a0}, NULL, 8) = 0 <0.000090>
rt_sigaction(SIGBUS, NULL, {sa_handler=SIG_DFL, sa_mask=[], sa_flags=0}, 8) = 0 <0.000038>
rt_sigaction(SIGBUS, {sa_handler=0x46d060, sa_mask=~[], sa_flags=SA_RESTORER|SA_ONSTACK|SA_RESTART|SA_SIGINFO, sa_restorer=0x46d1a0}, NULL, 8) = 0 <0.000043>
rt_sigaction(SIGFPE, NULL, {sa_handler=SIG_DFL, sa_mask=[], sa_flags=0}, 8) = 0 <0.000038>
rt_sigaction(SIGFPE, {sa_handler=0x46d060, sa_mask=~[], sa_flags=SA_RESTORER|SA_ONSTACK|SA_RESTART|SA_SIGINFO, sa_restorer=0x46d1a0}, NULL, 8) = 0 <0.000031>
rt_sigaction(SIGUSR1, NULL, {sa_handler=SIG_DFL, sa_mask=[], sa_flags=0}, 8) = 0 <0.000030>
rt_sigaction(SIGUSR1, {sa_handler=0x46d060, sa_mask=~[], sa_flags=SA_RESTORER|SA_ONSTACK|SA_RESTART|SA_SIGINFO, sa_restorer=0x46d1a0}, NULL, 8) = 0 <0.000030>
rt_sigaction(SIGSEGV, NULL, {sa_handler=SIG_DFL, sa_mask=[], sa_flags=0}, 8) = 0 <0.000030>
rt_sigaction(SIGSEGV, {sa_handler=0x46d060, sa_mask=~[], sa_flags=SA_RESTORER|SA_ONSTACK|SA_RESTART|SA_SIGINFO, sa_restorer=0x46d1a0}, NULL, 8) = 0 <0.000030>
rt_sigaction(SIGUSR2, NULL, {sa_handler=SIG_DFL, sa_mask=[], sa_flags=0}, 8) = 0 <0.000030>
rt_sigaction(SIGUSR2, {sa_handler=0x46d060, sa_mask=~[], sa_flags=SA_RESTORER|SA_ONSTACK|SA_RESTART|SA_SIGINFO, sa_restorer=0x46d1a0}, NULL, 8) = 0 <0.000029>
rt_sigaction(SIGPIPE, NULL, {sa_handler=SIG_DFL, sa_mask=[], sa_flags=0}, 8) = 0 <0.000030>
rt_sigaction(SIGPIPE, {sa_handler=0x46d060, sa_mask=~[], sa_flags=SA_RESTORER|SA_ONSTACK|SA_RESTART|SA_SIGINFO, sa_restorer=0x46d1a0}, NULL, 8) = 0 <0.000029>
rt_sigaction(SIGALRM, NULL, {sa_handler=SIG_DFL, sa_mask=[], sa_flags=0}, 8) = 0 <0.000029>
rt_sigaction(SIGALRM, {sa_handler=0x46d060, sa_mask=~[], sa_flags=SA_RESTORER|SA_ONSTACK|SA_RESTART|SA_SIGINFO, sa_restorer=0x46d1a0}, NULL, 8) = 0 <0.000030>
rt_sigaction(SIGTERM, NULL, {sa_handler=SIG_DFL, sa_mask=[], sa_flags=0}, 8) = 0 <0.000029>
rt_sigaction(SIGTERM, {sa_handler=0x46d060, sa_mask=~[], sa_flags=SA_RESTORER|SA_ONSTACK|SA_RESTART|SA_SIGINFO, sa_restorer=0x46d1a0}, NULL, 8) = 0 <0.000030>
rt_sigaction(SIGSTKFLT, NULL, {sa_handler=SIG_DFL, sa_mask=[], sa_flags=0}, 8) = 0 <0.000030>
rt_sigaction(SIGSTKFLT, {sa_handler=0x46d060, sa_mask=~[], sa_flags=SA_RESTORER|SA_ONSTACK|SA_RESTART|SA_SIGINFO, sa_restorer=0x46d1a0}, NULL, 8) = 0 <0.000029>
rt_sigaction(SIGCHLD, NULL, {sa_handler=SIG_DFL, sa_mask=[], sa_flags=0}, 8) = 0 <0.000030>
rt_sigaction(SIGCHLD, {sa_handler=0x46d060, sa_mask=~[], sa_flags=SA_RESTORER|SA_ONSTACK|SA_RESTART|SA_SIGINFO, sa_restorer=0x46d1a0}, NULL, 8) = 0 <0.000030>
rt_sigaction(SIGURG, NULL, {sa_handler=SIG_DFL, sa_mask=[], sa_flags=0}, 8) = 0 <0.000026>
rt_sigaction(SIGURG, {sa_handler=0x46d060, sa_mask=~[], sa_flags=SA_RESTORER|SA_ONSTACK|SA_RESTART|SA_SIGINFO, sa_restorer=0x46d1a0}, NULL, 8) = 0 <0.000026>
rt_sigaction(SIGXCPU, NULL, {sa_handler=SIG_DFL, sa_mask=[], sa_flags=0}, 8) = 0 <0.000027>
rt_sigaction(SIGXCPU, {sa_handler=0x46d060, sa_mask=~[], sa_flags=SA_RESTORER|SA_ONSTACK|SA_RESTART|SA_SIGINFO, sa_restorer=0x46d1a0}, NULL, 8) = 0 <0.000026>
rt_sigaction(SIGXFSZ, NULL, {sa_handler=SIG_DFL, sa_mask=[], sa_flags=0}, 8) = 0 <0.000026>
rt_sigaction(SIGXFSZ, {sa_handler=0x46d060, sa_mask=~[], sa_flags=SA_RESTORER|SA_ONSTACK|SA_RESTART|SA_SIGINFO, sa_restorer=0x46d1a0}, NULL, 8) = 0 <0.000026>
rt_sigaction(SIGVTALRM, NULL, {sa_handler=SIG_DFL, sa_mask=[], sa_flags=0}, 8) = 0 <0.000025>
rt_sigaction(SIGVTALRM, {sa_handler=0x46d060, sa_mask=~[], sa_flags=SA_RESTORER|SA_ONSTACK|SA_RESTART|SA_SIGINFO, sa_restorer=0x46d1a0}, NULL, 8) = 0 <0.000026>
rt_sigaction(SIGPROF, NULL, {sa_handler=SIG_DFL, sa_mask=[], sa_flags=0}, 8) = 0 <0.000026>
rt_sigaction(SIGPROF, {sa_handler=0x46d060, sa_mask=~[], sa_flags=SA_RESTORER|SA_ONSTACK|SA_RESTART|SA_SIGINFO, sa_restorer=0x46d1a0}, NULL, 8) = 0 <0.000026>
rt_sigaction(SIGWINCH, NULL, {sa_handler=SIG_DFL, sa_mask=[], sa_flags=0}, 8) = 0 <0.000026>
rt_sigaction(SIGWINCH, {sa_handler=0x46d060, sa_mask=~[], sa_flags=SA_RESTORER|SA_ONSTACK|SA_RESTART|SA_SIGINFO, sa_restorer=0x46d1a0}, NULL, 8) = 0 <0.000026>
rt_sigaction(SIGIO, NULL, {sa_handler=SIG_DFL, sa_mask=[], sa_flags=0}, 8) = 0 <0.000026>
rt_sigaction(SIGIO, {sa_handler=0x46d060, sa_mask=~[], sa_flags=SA_RESTORER|SA_ONSTACK|SA_RESTART|SA_SIGINFO, sa_restorer=0x46d1a0}, NULL, 8) = 0 <0.000026>
rt_sigaction(SIGPWR, NULL, {sa_handler=SIG_DFL, sa_mask=[], sa_flags=0}, 8) = 0 <0.000026>
rt_sigaction(SIGPWR, {sa_handler=0x46d060, sa_mask=~[], sa_flags=SA_RESTORER|SA_ONSTACK|SA_RESTART|SA_SIGINFO, sa_restorer=0x46d1a0}, NULL, 8) = 0 <0.000026>
rt_sigaction(SIGSYS, NULL, {sa_handler=SIG_DFL, sa_mask=[], sa_flags=0}, 8) = 0 <0.000027>
rt_sigaction(SIGSYS, {sa_handler=0x46d060, sa_mask=~[], sa_flags=SA_RESTORER|SA_ONSTACK|SA_RESTART|SA_SIGINFO, sa_restorer=0x46d1a0}, NULL, 8) = 0 <0.000026>
rt_sigaction(SIGRTMIN, NULL, {sa_handler=SIG_DFL, sa_mask=[], sa_flags=0}, 8) = 0 <0.000026>
rt_sigaction(SIGRT_1, NULL, {sa_handler=SIG_DFL, sa_mask=[], sa_flags=0}, 8) = 0 <0.000026>
rt_sigaction(SIGRT_1, {sa_handler=0x46d060, sa_mask=~[], sa_flags=SA_RESTORER|SA_ONSTACK|SA_RESTART|SA_SIGINFO, sa_restorer=0x46d1a0}, NULL, 8) = 0 <0.000026>
rt_sigaction(SIGRT_2, NULL, {sa_handler=SIG_DFL, sa_mask=[], sa_flags=0}, 8) = 0 <0.000026>
rt_sigaction(SIGRT_3, NULL, {sa_handler=SIG_DFL, sa_mask=[], sa_flags=0}, 8) = 0 <0.000026>
rt_sigaction(SIGRT_3, {sa_handler=0x46d060, sa_mask=~[], sa_flags=SA_RESTORER|SA_ONSTACK|SA_RESTART|SA_SIGINFO, sa_restorer=0x46d1a0}, NULL, 8) = 0 <0.000026>
rt_sigaction(SIGRT_4, NULL, {sa_handler=SIG_DFL, sa_mask=[], sa_flags=0}, 8) = 0 <0.000026>
rt_sigaction(SIGRT_4, {sa_handler=0x46d060, sa_mask=~[], sa_flags=SA_RESTORER|SA_ONSTACK|SA_RESTART|SA_SIGINFO, sa_restorer=0x46d1a0}, NULL, 8) = 0 <0.000026>
rt_sigaction(SIGRT_5, NULL, {sa_handler=SIG_DFL, sa_mask=[], sa_flags=0}, 8) = 0 <0.000026>
rt_sigaction(SIGRT_5, {sa_handler=0x46d060, sa_mask=~[], sa_flags=SA_RESTORER|SA_ONSTACK|SA_RESTART|SA_SIGINFO, sa_restorer=0x46d1a0}, NULL, 8) = 0 <0.000026>
rt_sigaction(SIGRT_6, NULL, {sa_handler=SIG_DFL, sa_mask=[], sa_flags=0}, 8) = 0 <0.000026>
rt_sigaction(SIGRT_6, {sa_handler=0x46d060, sa_mask=~[], sa_flags=SA_RESTORER|SA_ONSTACK|SA_RESTART|SA_SIGINFO, sa_restorer=0x46d1a0}, NULL, 8) = 0 <0.000026>
rt_sigaction(SIGRT_7, NULL, {sa_handler=SIG_DFL, sa_mask=[], sa_flags=0}, 8) = 0 <0.000027>
rt_sigaction(SIGRT_7, {sa_handler=0x46d060, sa_mask=~[], sa_flags=SA_RESTORER|SA_ONSTACK|SA_RESTART|SA_SIGINFO, sa_restorer=0x46d1a0}, NULL, 8) = 0 <0.000026>
rt_sigaction(SIGRT_8, NULL, {sa_handler=SIG_DFL, sa_mask=[], sa_flags=0}, 8) = 0 <0.000026>
rt_sigaction(SIGRT_8, {sa_handler=0x46d060, sa_mask=~[], sa_flags=SA_RESTORER|SA_ONSTACK|SA_RESTART|SA_SIGINFO, sa_restorer=0x46d1a0}, NULL, 8) = 0 <0.000026>
rt_sigaction(SIGRT_9, NULL, {sa_handler=SIG_DFL, sa_mask=[], sa_flags=0}, 8) = 0 <0.000026>
rt_sigaction(SIGRT_9, {sa_handler=0x46d060, sa_mask=~[], sa_flags=SA_RESTORER|SA_ONSTACK|SA_RESTART|SA_SIGINFO, sa_restorer=0x46d1a0}, NULL, 8) = 0 <0.000026>
rt_sigaction(SIGRT_10, NULL, {sa_handler=SIG_DFL, sa_mask=[], sa_flags=0}, 8) = 0 <0.000026>
rt_sigaction(SIGRT_10, {sa_handler=0x46d060, sa_mask=~[], sa_flags=SA_RESTORER|SA_ONSTACK|SA_RESTART|SA_SIGINFO, sa_restorer=0x46d1a0}, NULL, 8) = 0 <0.000026>
rt_sigaction(SIGRT_11, NULL, {sa_handler=SIG_DFL, sa_mask=[], sa_flags=0}, 8) = 0 <0.000026>
rt_sigaction(SIGRT_11, {sa_handler=0x46d060, sa_mask=~[], sa_flags=SA_RESTORER|SA_ONSTACK|SA_RESTART|SA_SIGINFO, sa_restorer=0x46d1a0}, NULL, 8) = 0 <0.000026>
rt_sigaction(SIGRT_12, NULL, {sa_handler=SIG_DFL, sa_mask=[], sa_flags=0}, 8) = 0 <0.000026>
rt_sigaction(SIGRT_12, {sa_handler=0x46d060, sa_mask=~[], sa_flags=SA_RESTORER|SA_ONSTACK|SA_RESTART|SA_SIGINFO, sa_restorer=0x46d1a0}, NULL, 8) = 0 <0.000026>
rt_sigaction(SIGRT_13, NULL, {sa_handler=SIG_DFL, sa_mask=[], sa_flags=0}, 8) = 0 <0.000026>
rt_sigaction(SIGRT_13, {sa_handler=0x46d060, sa_mask=~[], sa_flags=SA_RESTORER|SA_ONSTACK|SA_RESTART|SA_SIGINFO, sa_restorer=0x46d1a0}, NULL, 8) = 0 <0.000026>
rt_sigaction(SIGRT_14, NULL, {sa_handler=SIG_DFL, sa_mask=[], sa_flags=0}, 8) = 0 <0.000026>
rt_sigaction(SIGRT_14, {sa_handler=0x46d060, sa_mask=~[], sa_flags=SA_RESTORER|SA_ONSTACK|SA_RESTART|SA_SIGINFO, sa_restorer=0x46d1a0}, NULL, 8) = 0 <0.000026>
rt_sigaction(SIGRT_15, NULL, {sa_handler=SIG_DFL, sa_mask=[], sa_flags=0}, 8) = 0 <0.000026>
rt_sigaction(SIGRT_15, {sa_handler=0x46d060, sa_mask=~[], sa_flags=SA_RESTORER|SA_ONSTACK|SA_RESTART|SA_SIGINFO, sa_restorer=0x46d1a0}, NULL, 8) = 0 <0.000026>
rt_sigaction(SIGRT_16, NULL, {sa_handler=SIG_DFL, sa_mask=[], sa_flags=0}, 8) = 0 <0.000026>
rt_sigaction(SIGRT_16, {sa_handler=0x46d060, sa_mask=~[], sa_flags=SA_RESTORER|SA_ONSTACK|SA_RESTART|SA_SIGINFO, sa_restorer=0x46d1a0}, NULL, 8) = 0 <0.000026>
rt_sigaction(SIGRT_17, NULL, {sa_handler=SIG_DFL, sa_mask=[], sa_flags=0}, 8) = 0 <0.000026>
rt_sigaction(SIGRT_17, {sa_handler=0x46d060, sa_mask=~[], sa_flags=SA_RESTORER|SA_ONSTACK|SA_RESTART|SA_SIGINFO, sa_restorer=0x46d1a0}, NULL, 8) = 0 <0.000026>
rt_sigaction(SIGRT_18, NULL, {sa_handler=SIG_DFL, sa_mask=[], sa_flags=0}, 8) = 0 <0.000026>
rt_sigaction(SIGRT_18, {sa_handler=0x46d060, sa_mask=~[], sa_flags=SA_RESTORER|SA_ONSTACK|SA_RESTART|SA_SIGINFO, sa_restorer=0x46d1a0}, NULL, 8) = 0 <0.000026>
rt_sigaction(SIGRT_19, NULL, {sa_handler=SIG_DFL, sa_mask=[], sa_flags=0}, 8) = 0 <0.000027>
rt_sigaction(SIGRT_19, {sa_handler=0x46d060, sa_mask=~[], sa_flags=SA_RESTORER|SA_ONSTACK|SA_RESTART|SA_SIGINFO, sa_restorer=0x46d1a0}, NULL, 8) = 0 <0.000027>
rt_sigaction(SIGRT_20, NULL, {sa_handler=SIG_DFL, sa_mask=[], sa_flags=0}, 8) = 0 <0.000096>
rt_sigaction(SIGRT_20, {sa_handler=0x46d060, sa_mask=~[], sa_flags=SA_RESTORER|SA_ONSTACK|SA_RESTART|SA_SIGINFO, sa_restorer=0x46d1a0}, NULL, 8) = 0 <0.000029>
rt_sigaction(SIGRT_21, NULL, {sa_handler=SIG_DFL, sa_mask=[], sa_flags=0}, 8) = 0 <0.000172>
rt_sigaction(SIGRT_21, {sa_handler=0x46d060, sa_mask=~[], sa_flags=SA_RESTORER|SA_ONSTACK|SA_RESTART|SA_SIGINFO, sa_restorer=0x46d1a0}, NULL, 8) = 0 <0.000031>
rt_sigaction(SIGRT_22, NULL, {sa_handler=SIG_DFL, sa_mask=[], sa_flags=0}, 8) = 0 <0.000028>
rt_sigaction(SIGRT_22, {sa_handler=0x46d060, sa_mask=~[], sa_flags=SA_RESTORER|SA_ONSTACK|SA_RESTART|SA_SIGINFO, sa_restorer=0x46d1a0}, NULL, 8) = 0 <0.000129>
rt_sigaction(SIGRT_23, NULL, {sa_handler=SIG_DFL, sa_mask=[], sa_flags=0}, 8) = 0 <0.000026>
rt_sigaction(SIGRT_23, {sa_handler=0x46d060, sa_mask=~[], sa_flags=SA_RESTORER|SA_ONSTACK|SA_RESTART|SA_SIGINFO, sa_restorer=0x46d1a0}, NULL, 8) = 0 <0.000080>
rt_sigaction(SIGRT_24, NULL, {sa_handler=SIG_DFL, sa_mask=[], sa_flags=0}, 8) = 0 <0.000026>
rt_sigaction(SIGRT_24, {sa_handler=0x46d060, sa_mask=~[], sa_flags=SA_RESTORER|SA_ONSTACK|SA_RESTART|SA_SIGINFO, sa_restorer=0x46d1a0}, NULL, 8) = 0 <0.000027>
rt_sigaction(SIGRT_25, NULL, {sa_handler=SIG_DFL, sa_mask=[], sa_flags=0}, 8) = 0 <0.000026>
rt_sigaction(SIGRT_25, {sa_handler=0x46d060, sa_mask=~[], sa_flags=SA_RESTORER|SA_ONSTACK|SA_RESTART|SA_SIGINFO, sa_restorer=0x46d1a0}, NULL, 8) = 0 <0.000026>
rt_sigaction(SIGRT_26, NULL, {sa_handler=SIG_DFL, sa_mask=[], sa_flags=0}, 8) = 0 <0.000024>
rt_sigaction(SIGRT_26, {sa_handler=0x46d060, sa_mask=~[], sa_flags=SA_RESTORER|SA_ONSTACK|SA_RESTART|SA_SIGINFO, sa_restorer=0x46d1a0}, NULL, 8) = 0 <0.000028>
rt_sigaction(SIGRT_27, NULL, {sa_handler=SIG_DFL, sa_mask=[], sa_flags=0}, 8) = 0 <0.000026>
rt_sigaction(SIGRT_27, {sa_handler=0x46d060, sa_mask=~[], sa_flags=SA_RESTORER|SA_ONSTACK|SA_RESTART|SA_SIGINFO, sa_restorer=0x46d1a0}, NULL, 8) = 0 <0.000026>
rt_sigaction(SIGRT_28, NULL, {sa_handler=SIG_DFL, sa_mask=[], sa_flags=0}, 8) = 0 <0.000026>
rt_sigaction(SIGRT_28, {sa_handler=0x46d060, sa_mask=~[], sa_flags=SA_RESTORER|SA_ONSTACK|SA_RESTART|SA_SIGINFO, sa_restorer=0x46d1a0}, NULL, 8) = 0 <0.000027>
rt_sigaction(SIGRT_29, NULL, {sa_handler=SIG_DFL, sa_mask=[], sa_flags=0}, 8) = 0 <0.000026>
rt_sigaction(SIGRT_29, {sa_handler=0x46d060, sa_mask=~[], sa_flags=SA_RESTORER|SA_ONSTACK|SA_RESTART|SA_SIGINFO, sa_restorer=0x46d1a0}, NULL, 8) = 0 <0.000027>
rt_sigaction(SIGRT_30, NULL, {sa_handler=SIG_DFL, sa_mask=[], sa_flags=0}, 8) = 0 <0.000027>
rt_sigaction(SIGRT_30, {sa_handler=0x46d060, sa_mask=~[], sa_flags=SA_RESTORER|SA_ONSTACK|SA_RESTART|SA_SIGINFO, sa_restorer=0x46d1a0}, NULL, 8) = 0 <0.000027>
rt_sigaction(SIGRT_31, NULL, {sa_handler=SIG_DFL, sa_mask=[], sa_flags=0}, 8) = 0 <0.000026>
rt_sigaction(SIGRT_31, {sa_handler=0x46d060, sa_mask=~[], sa_flags=SA_RESTORER|SA_ONSTACK|SA_RESTART|SA_SIGINFO, sa_restorer=0x46d1a0}, NULL, 8) = 0 <0.000026>
rt_sigaction(SIGRT_32, NULL, {sa_handler=SIG_DFL, sa_mask=[], sa_flags=0}, 8) = 0 <0.000027>
rt_sigaction(SIGRT_32, {sa_handler=0x46d060, sa_mask=~[], sa_flags=SA_RESTORER|SA_ONSTACK|SA_RESTART|SA_SIGINFO, sa_restorer=0x46d1a0}, NULL, 8) = 0 <0.000026>
rt_sigprocmask(SIG_SETMASK, ~[], [], 8) = 0 <0.000027>
clone(child_stack=0xc000026000, flags=CLONE_VM|CLONE_FS|CLONE_FILES|CLONE_SIGHAND|CLONE_THREAD|CLONE_SYSVSEM|CLONE_SETTLS, tls=0xc000062098) = 21945 <0.000078>
rt_sigprocmask(SIG_SETMASK, [], NULL, 8) = 0 <0.000026>
--- SIGURG {si_signo=SIGURG, si_code=SI_TKILL, si_pid=21944, si_uid=0} ---
rt_sigreturn({mask=[]})                 = 0 <0.000027>
--- SIGURG {si_signo=SIGURG, si_code=SI_TKILL, si_pid=21944, si_uid=0} ---
rt_sigreturn({mask=[]})                 = 0 <0.000028>
--- SIGURG {si_signo=SIGURG, si_code=SI_TKILL, si_pid=21944, si_uid=0} ---
rt_sigreturn({mask=[]})                 = 0 <0.000025>
--- SIGURG {si_signo=SIGURG, si_code=SI_TKILL, si_pid=21944, si_uid=0} ---
rt_sigreturn({mask=[]})                 = 0 <0.000028>
rt_sigprocmask(SIG_SETMASK, ~[], [], 8) = 0 <0.000027>
clone(child_stack=0xc00007e000, flags=CLONE_VM|CLONE_FS|CLONE_FILES|CLONE_SIGHAND|CLONE_THREAD|CLONE_SYSVSEM|CLONE_SETTLS, tls=0xc000062798) = 21946 <0.000057>
rt_sigprocmask(SIG_SETMASK, [], NULL, 8) = 0 <0.000091>
futex(0x552a20, FUTEX_WAIT_PRIVATE, 0, NULL) = 0 <0.000097>
futex(0xc000062848, FUTEX_WAKE_PRIVATE, 1) = 1 <0.000035>
futex(0xc000080148, FUTEX_WAKE_PRIVATE, 1) = 1 <0.000098>
getrlimit(RLIMIT_NOFILE, {rlim_cur=1024, rlim_max=1024*1024}) = 0 <0.000027>
setrlimit(RLIMIT_NOFILE, {rlim_cur=1024*1024, rlim_max=1024*1024}) = 0 <0.000026>
fcntl(0, F_GETFL)                       = 0x2 (flags O_RDWR) <0.000026>
futex(0xc000100148, FUTEX_WAKE_PRIVATE, 1) = 1 <0.000033>
fcntl(1, F_GETFL)                       = 0x2 (flags O_RDWR) <0.000026>
fcntl(2, F_GETFL)                       = 0x2 (flags O_RDWR) <0.000027>
write(1, "hello world\n", 12)           = 12 <0.000056>
futex(0x5530c0, FUTEX_WAKE_PRIVATE, 1)  = 1 <0.000038>
futex(0x552fd8, FUTEX_WAKE_PRIVATE, 1)  = 1 <0.000036>
exit_group(0)                           = ?
+++ exited with 0 +++
